[2020-02-25 17:52:11] pbook/update.php.INFO: $pbook:NULL
 [] {"dummy":"hello world"}
[2020-02-25 17:52:11] pbook/update.php.WARNING: 警告メッセージ [] {"dummy":"hello world"}
[2020-02-25 17:52:11] pbook/update.php.ERROR: エラーメッセージ [] {"dummy":"hello world"}
[2020-02-25 17:53:18] pbook/update.php.INFO: $pbook:NULL
 [] {"dummy":"hello world"}
[2020-02-25 17:53:18] pbook/update.php.WARNING: $_POST:Array [] {"dummy":"hello world"}
[2020-02-25 17:53:18] pbook/update.php.ERROR: エラーメッセージ [] {"dummy":"hello world"}
[2020-02-25 17:54:12] pbook/update.php.INFO: $pbook:NULL
 [] {"dummy":"hello world"}
[2020-02-25 17:54:12] pbook/update.php.INFO: $pbook:NULL
 [] {"dummy":"hello world"}
[2020-02-25 17:54:40] pbook/update.php.INFO: $pbook:NULL
 [] {"dummy":"hello world"}
[2020-02-25 17:55:08] pbook/update.php.INFO: $pbook:NULL
 [] {"dummy":"hello world"}
[2020-02-25 17:55:08] pbook/update.php.WARNING: $_POST:array (
  'id' => '14',
  'sp_name' => 'aaa',
  'description' => '',
  'submit' => '更新する',
) [] {"dummy":"hello world"}
[2020-02-25 17:55:08] pbook/update.php.ERROR: エラーメッセージ [] {"dummy":"hello world"}
[2020-02-25 17:56:32] pbook/update.php.INFO: $pbook:NULL
 [] {"dummy":"hello world"}
[2020-02-25 17:56:32] pbook/update.php.WARNING: $_POST:array (
  'id' => '14',
  'sp_name' => 'aaa',
  'description' => '',
  'submit' => '更新する',
) [] {"dummy":"hello world"}
[2020-02-25 17:56:32] pbook/update.php.ERROR: エラーメッセージ [] {"dummy":"hello world"}
[2020-02-25 17:59:50] pbook/update.php.INFO: $pbook:array(2) {
  ["spname"]=>
  string(3) "aaa"
  ["description"]=>
  string(0) ""
}
 [] {"dummy":"hello world"}
[2020-02-25 17:59:50] pbook/update.php.WARNING: $_POST:array (
  'id' => '14',
  'sp_name' => 'aaa',
  'description' => '',
  'submit' => '更新する',
) [] {"dummy":"hello world"}
[2020-02-25 17:59:50] pbook/update.php.ERROR: エラーメッセージ [] {"dummy":"hello world"}
[2020-02-25 17:59:57] pbook/update.php.INFO: $pbook:array(2) {
  ["spname"]=>
  string(2) "aa"
  ["description"]=>
  string(0) ""
}
 [] {"dummy":"hello world"}
[2020-02-25 17:59:57] pbook/update.php.WARNING: $_POST:array (
  'id' => '14',
  'sp_name' => 'aa',
  'description' => '',
  'submit' => '更新する',
) [] {"dummy":"hello world"}
[2020-02-25 17:59:57] pbook/update.php.ERROR: エラーメッセージ [] {"dummy":"hello world"}
[2020-02-25 18:01:43] pbook/update.php.INFO: $pbook:array(2) {
  ["spname"]=>
  string(2) "aa"
  ["description"]=>
  string(0) ""
}
 [] {"dummy":"hello world"}
[2020-02-25 18:01:43] pbook/update.php.WARNING: $_POST:array (
  'id' => '14',
  'sp_name' => 'aa',
  'description' => '',
  'submit' => '更新する',
) [] {"dummy":"hello world"}
[2020-02-25 18:01:43] pbook/update.php.ERROR: エラーメッセージ [] {"dummy":"hello world"}
[2020-02-25 18:01:49] pbook/update.php.INFO: $pbook:array(2) {
  ["spname"]=>
  string(9) "あああ"
  ["description"]=>
  string(0) ""
}
 [] {"dummy":"hello world"}
[2020-02-25 18:01:49] pbook/update.php.WARNING: $_POST:array (
  'id' => '14',
  'sp_name' => 'あああ',
  'description' => '',
  'submit' => '更新する',
) [] {"dummy":"hello world"}
[2020-02-25 18:01:49] pbook/update.php.ERROR: エラーメッセージ [] {"dummy":"hello world"}
[2020-02-25 18:03:27] pbook/update.php.INFO: $pbook:array(3) {
  ["spname"]=>
  string(0) ""
  ["team"]=>
  NULL
  ["description"]=>
  string(0) ""
}
 [] {"dummy":"hello world"}
[2020-02-25 18:03:27] pbook/update.php.WARNING: $_POST:array (
  'id' => '14',
  'sp_name' => '',
  'description' => '',
  'submit' => '更新する',
) [] {"dummy":"hello world"}
[2020-02-25 18:03:27] pbook/update.php.ERROR: エラーメッセージ [] {"dummy":"hello world"}
[2020-02-25 18:04:26] pbook/update.php.INFO: $pbook:array(3) {
  ["spname"]=>
  string(18) "マンネンタケ"
  ["team"]=>
  NULL
  ["description"]=>
  string(0) ""
}
 [] {"dummy":"hello world"}
[2020-02-25 18:04:26] pbook/update.php.WARNING: $_POST:array (
  'id' => '14',
  'sp_name' => 'マンネンタケ',
  'description' => '',
  'submit' => '更新する',
) [] {"dummy":"hello world"}
[2020-02-25 18:04:26] pbook/update.php.ERROR: エラーメッセージ [] {"dummy":"hello world"}
[2020-02-25 18:05:00] pbook/update.php.INFO: $pbook:array(3) {
  ["spname"]=>
  string(18) "マンネンタケ"
  ["team"]=>
  NULL
  ["description"]=>
  string(0) ""
}
 [] {"dummy":"hello world"}
[2020-02-25 18:05:00] pbook/update.php.WARNING: $_POST:array (
  'id' => '14',
  'sp_name' => 'マンネンタケ',
  'description' => '',
  'submit' => '更新する',
) [] {"dummy":"hello world"}
[2020-02-25 18:05:00] pbook/update.php.ERROR: エラーメッセージ [] {"dummy":"hello world"}
[2020-02-25 18:06:20] pbook/update.php.INFO: $pbook:array(3) {
  ["spname"]=>
  string(1) "a"
  ["team"]=>
  NULL
  ["description"]=>
  string(0) ""
}
 [] {"dummy":"hello world"}
[2020-02-25 18:06:20] pbook/update.php.WARNING: $_POST:array (
  'id' => '14',
  'sp_name' => 'a',
  'description' => '',
  'submit' => '更新する',
) [] {"dummy":"hello world"}
[2020-02-25 18:06:20] pbook/update.php.ERROR: エラーメッセージ [] {"dummy":"hello world"}
[2020-02-25 18:09:04] pbook/update.php.INFO: $pbook:array(3) {
  ["spname"]=>
  string(1) "a"
  ["team"]=>
  NULL
  ["description"]=>
  string(0) ""
}
 [] {"dummy":"hello world"}
[2020-02-25 18:09:04] pbook/update.php.WARNING: $_POST:array (
  'id' => '14',
  'sp_name' => 'a',
  'description' => '',
  'submit' => '更新する',
) [] {"dummy":"hello world"}
[2020-02-25 18:09:04] pbook/update.php.ERROR: エラーメッセージ [] {"dummy":"hello world"}
[2020-02-25 18:09:14] pbook/update.php.INFO: $pbook:array(3) {
  ["spname"]=>
  string(1) "a"
  ["team"]=>
  NULL
  ["description"]=>
  string(0) ""
}
 [] {"dummy":"hello world"}
[2020-02-25 18:09:14] pbook/update.php.WARNING: $_POST:array (
  'id' => '14',
  'sp_name' => 'a',
  'description' => '',
  'submit' => '更新する',
) [] {"dummy":"hello world"}
[2020-02-25 18:09:14] pbook/update.php.ERROR: エラーメッセージ [] {"dummy":"hello world"}
[2020-02-25 18:10:24] pbook/update.php.INFO: $pbook:array(3) {
  ["sp_name"]=>
  string(1) "s"
  ["team"]=>
  NULL
  ["description"]=>
  string(0) ""
}
 [] {"dummy":"hello world"}
[2020-02-25 18:10:24] pbook/update.php.WARNING: $_POST:array (
  'id' => '14',
  'sp_name' => 's',
  'description' => '',
  'submit' => '更新する',
) [] {"dummy":"hello world"}
[2020-02-25 18:10:24] pbook/update.php.ERROR: エラーメッセージ [] {"dummy":"hello world"}
[2020-02-25 18:11:49] pbook/update.php.INFO: $pbook:array(3) {
  ["sp_name"]=>
  string(0) ""
  ["team"]=>
  NULL
  ["description"]=>
  string(2) "ss"
}
 [] {"dummy":"hello world"}
[2020-02-25 18:11:49] pbook/update.php.WARNING: $_POST:array (
  'id' => '14',
  'sp_name' => '',
  'description' => 'ss',
  'submit' => '更新する',
) [] {"dummy":"hello world"}
[2020-02-25 18:11:49] pbook/update.php.ERROR: エラーメッセージ [] {"dummy":"hello world"}
[2020-02-25 18:11:52] pbook/update.php.INFO: $pbook:array(3) {
  ["sp_name"]=>
  string(2) "ss"
  ["team"]=>
  NULL
  ["description"]=>
  string(2) "ss"
}
 [] {"dummy":"hello world"}
[2020-02-25 18:11:52] pbook/update.php.WARNING: $_POST:array (
  'id' => '14',
  'sp_name' => 'ss',
  'description' => 'ss',
  'submit' => '更新する',
) [] {"dummy":"hello world"}
[2020-02-25 18:11:52] pbook/update.php.ERROR: エラーメッセージ [] {"dummy":"hello world"}
[2020-02-25 18:12:08] pbook/update.php.INFO: $pbook:array(3) {
  ["sp_name"]=>
  string(21) "ベニテングタケ"
  ["team"]=>
  NULL
  ["description"]=>
  string(0) ""
}
 [] {"dummy":"hello world"}
[2020-02-25 18:12:08] pbook/update.php.WARNING: $_POST:array (
  'id' => '20',
  'sp_name' => 'ベニテングタケ',
  'description' => '',
  'submit' => '更新する',
) [] {"dummy":"hello world"}
[2020-02-25 18:12:08] pbook/update.php.ERROR: エラーメッセージ [] {"dummy":"hello world"}
[2020-02-25 18:13:23] pbook/update.php.INFO: $pbook:array(3) {
  ["sp_name"]=>
  string(21) "ベニテングタケ"
  ["team"]=>
  string(3) "sea"
  ["description"]=>
  string(0) ""
}
 [] {"dummy":"hello world"}
[2020-02-25 18:13:23] pbook/update.php.WARNING: $_POST:array (
  'id' => '20',
  'sp_name' => 'ベニテングタケ',
  'team' => 'sea',
  'description' => '',
  'submit' => '更新する',
) [] {"dummy":"hello world"}
[2020-02-25 18:13:23] pbook/update.php.ERROR: エラーメッセージ [] {"dummy":"hello world"}
[2020-02-25 18:13:27] pbook/update.php.INFO: $pbook:array(3) {
  ["sp_name"]=>
  string(21) "ベニテングタケ"
  ["team"]=>
  string(5) "plant"
  ["description"]=>
  string(0) ""
}
 [] {"dummy":"hello world"}
[2020-02-25 18:13:27] pbook/update.php.WARNING: $_POST:array (
  'id' => '20',
  'sp_name' => 'ベニテングタケ',
  'team' => 'plant',
  'description' => '',
  'submit' => '更新する',
) [] {"dummy":"hello world"}
[2020-02-25 18:13:27] pbook/update.php.ERROR: エラーメッセージ [] {"dummy":"hello world"}
[2020-02-25 18:13:30] pbook/update.php.INFO: $pbook:array(3) {
  ["sp_name"]=>
  string(21) "ベニテングタケ"
  ["team"]=>
  string(5) "plant"
  ["description"]=>
  string(0) ""
}
 [] {"dummy":"hello world"}
[2020-02-25 18:13:30] pbook/update.php.WARNING: $_POST:array (
  'id' => '20',
  'sp_name' => 'ベニテングタケ',
  'team' => 'plant',
  'description' => '',
  'submit' => '更新する',
) [] {"dummy":"hello world"}
[2020-02-25 18:13:30] pbook/update.php.ERROR: エラーメッセージ [] {"dummy":"hello world"}
[2020-02-25 18:14:07] pbook/update.php.INFO: $pbook:array(3) {
  ["sp_name"]=>
  string(21) "ベニテングタケ"
  ["team"]=>
  string(5) "plant"
  ["description"]=>
  string(0) ""
}
 [] {"dummy":"hello world"}
[2020-02-25 18:14:07] pbook/update.php.WARNING: $_POST:array (
  'id' => '20',
  'sp_name' => 'ベニテングタケ',
  'team' => 'plant',
  'description' => '',
  'submit' => '更新する',
) [] {"dummy":"hello world"}
[2020-02-25 18:14:07] pbook/update.php.ERROR: エラーメッセージ [] {"dummy":"hello world"}
[2020-02-25 18:14:11] pbook/update.php.INFO: $pbook:array(3) {
  ["sp_name"]=>
  string(21) "ベニテングタケ"
  ["team"]=>
  string(6) "kinoko"
  ["description"]=>
  string(0) ""
}
 [] {"dummy":"hello world"}
[2020-02-25 18:14:11] pbook/update.php.WARNING: $_POST:array (
  'id' => '20',
  'sp_name' => 'ベニテングタケ',
  'team' => 'kinoko',
  'description' => '',
  'submit' => '更新する',
) [] {"dummy":"hello world"}
[2020-02-25 18:14:11] pbook/update.php.ERROR: エラーメッセージ [] {"dummy":"hello world"}
[2020-02-25 18:14:25] pbook/update.php.INFO: $pbook:array(3) {
  ["sp_name"]=>
  string(18) "オオゴムタケ"
  ["team"]=>
  string(6) "kinoko"
  ["description"]=>
  string(33) "割くと中身がゼラチン質"
}
 [] {"dummy":"hello world"}
[2020-02-25 18:14:25] pbook/update.php.WARNING: $_POST:array (
  'id' => '14',
  'sp_name' => 'オオゴムタケ',
  'team' => 'kinoko',
  'description' => '割くと中身がゼラチン質',
  'submit' => '更新する',
) [] {"dummy":"hello world"}
[2020-02-25 18:14:25] pbook/update.php.ERROR: エラーメッセージ [] {"dummy":"hello world"}
[2020-02-25 18:14:39] pbook/update.php.INFO: $pbook:array(3) {
  ["sp_name"]=>
  string(18) "オオゴムタケ"
  ["team"]=>
  string(6) "kinoko"
  ["description"]=>
  string(44) "割くと中身がゼラチン質
a
a
a
"
}
 [] {"dummy":"hello world"}
[2020-02-25 18:14:39] pbook/update.php.WARNING: $_POST:array (
  'id' => '14',
  'sp_name' => 'オオゴムタケ',
  'team' => 'kinoko',
  'description' => '割くと中身がゼラチン質
a
a
a
',
  'submit' => '更新する',
) [] {"dummy":"hello world"}
[2020-02-25 18:14:39] pbook/update.php.ERROR: エラーメッセージ [] {"dummy":"hello world"}
[2020-02-25 18:14:55] pbook/update.php.INFO: $pbook:array(3) {
  ["sp_name"]=>
  string(18) "オオゴムタケ"
  ["team"]=>
  string(6) "kinoko"
  ["description"]=>
  string(51) "割くと中身がゼラチン質
<<>>
>><<
>><<"
}
 [] {"dummy":"hello world"}
[2020-02-25 18:14:55] pbook/update.php.WARNING: $_POST:array (
  'id' => '14',
  'sp_name' => 'オオゴムタケ',
  'team' => 'kinoko',
  'description' => '割くと中身がゼラチン質
<<>>
>><<
>><<',
  'submit' => '更新する',
) [] {"dummy":"hello world"}
[2020-02-25 18:14:55] pbook/update.php.ERROR: エラーメッセージ [] {"dummy":"hello world"}
[2020-02-25 18:15:09] pbook/update.php.INFO: $pbook:array(3) {
  ["sp_name"]=>
  string(18) "オオゴムタケ"
  ["team"]=>
  string(6) "kinoko"
  ["description"]=>
  string(51) "割くと中身がゼラチン質
<<>>
>><<
>><<"
}
 [] {"dummy":"hello world"}
[2020-02-25 18:15:09] pbook/update.php.WARNING: $_POST:array (
  'id' => '14',
  'sp_name' => 'オオゴムタケ',
  'team' => 'kinoko',
  'description' => '割くと中身がゼラチン質
<<>>
>><<
>><<',
  'submit' => '更新する',
) [] {"dummy":"hello world"}
[2020-02-25 18:15:09] pbook/update.php.ERROR: エラーメッセージ [] {"dummy":"hello world"}
[2020-02-25 18:15:14] pbook/update.php.INFO: $pbook:array(3) {
  ["sp_name"]=>
  string(0) ""
  ["team"]=>
  string(6) "kinoko"
  ["description"]=>
  string(51) "割くと中身がゼラチン質
<<>>
>><<
>><<"
}
 [] {"dummy":"hello world"}
[2020-02-25 18:15:14] pbook/update.php.WARNING: $_POST:array (
  'id' => '14',
  'sp_name' => '',
  'team' => 'kinoko',
  'description' => '割くと中身がゼラチン質
<<>>
>><<
>><<',
  'submit' => '更新する',
) [] {"dummy":"hello world"}
[2020-02-25 18:15:14] pbook/update.php.ERROR: エラーメッセージ [] {"dummy":"hello world"}
[2020-02-25 18:20:43] pbook/update.php.INFO: $pbook:array(3) {
  ["sp_name"]=>
  string(0) ""
  ["team"]=>
  string(6) "kinoko"
  ["description"]=>
  string(6) "kkssss"
}
 [] {"dummy":"hello world"}
[2020-02-25 18:20:43] pbook/update.php.WARNING: $_POST:array (
  'id' => '88',
  'sp_name' => '',
  'team' => 'kinoko',
  'description' => 'kkssss',
  'submit' => '更新する',
) [] {"dummy":"hello world"}
[2020-02-25 18:20:43] pbook/update.php.ERROR: エラーメッセージ [] {"dummy":"hello world"}
[2020-02-25 18:24:50] pbook/update.php.INFO: $pbook:array(3) {
  ["sp_name"]=>
  string(0) ""
  ["team"]=>
  string(6) "kinoko"
  ["description"]=>
  string(6) "kkssss"
}
 [] {"dummy":"hello world"}
[2020-02-25 18:24:50] pbook/update.php.WARNING: $_POST:array (
  'id' => '88',
  'sp_name' => '',
  'team' => 'kinoko',
  'description' => 'kkssss',
  'submit' => '更新する',
) [] {"dummy":"hello world"}
[2020-02-25 18:24:50] pbook/update.php.ERROR: エラーメッセージ [] {"dummy":"hello world"}
[2020-02-25 18:25:43] pbook/update.php.INFO: $pbook:array(3) {
  ["sp_name"]=>
  string(0) ""
  ["team"]=>
  string(6) "kinoko"
  ["description"]=>
  string(6) "kkssss"
}
 [] {"dummy":"hello world"}
[2020-02-25 18:25:43] pbook/update.php.WARNING: $_POST:array (
  'id' => '88',
  'sp_name' => '',
  'team' => 'kinoko',
  'description' => 'kkssss',
  'submit' => '更新する',
) [] {"dummy":"hello world"}
[2020-02-25 18:25:43] pbook/update.php.ERROR: エラーメッセージ [] {"dummy":"hello world"}
[2020-02-25 18:26:39] pbook/update.php.INFO: $pbook:array(3) {
  ["sp_name"]=>
  string(18) "マンネンタケ"
  ["team"]=>
  string(6) "kinoko"
  ["description"]=>
  string(6) "kkssss"
}
 [] {"dummy":"hello world"}
[2020-02-25 18:26:39] pbook/update.php.WARNING: $_POST:array (
  'id' => '88',
  'picture' => 'files/<br />
<b>Notice</b>:  Undefined index: picture in <b>/Applications/XAMPP/xamppfiles/htdocs/pbook/edit.tpl.php</b> on line <b>13</b><br />
',
  'sp_name' => 'マンネンタケ',
  'team' => 'kinoko',
  'description' => 'kkssss',
  'submit' => '更新する',
) [] {"dummy":"hello world"}
[2020-02-25 18:26:39] pbook/update.php.ERROR: エラーメッセージ [] {"dummy":"hello world"}
[2020-02-25 18:28:24] pbook/update.php.INFO: $pbook:array(3) {
  ["sp_name"]=>
  string(18) "マンネンタケ"
  ["team"]=>
  string(6) "kinoko"
  ["description"]=>
  string(0) ""
}
 [] {"dummy":"hello world"}
[2020-02-25 18:28:24] pbook/update.php.WARNING: $_POST:array (
  'id' => '88',
  'sp_name' => 'マンネンタケ',
  'team' => 'kinoko',
  'description' => '',
  'submit' => '更新する',
) [] {"dummy":"hello world"}
[2020-02-25 18:28:24] pbook/update.php.ERROR: エラーメッセージ [] {"dummy":"hello world"}
[2020-02-25 18:30:36] pbook/update.php.INFO: $pbook:array(4) {
  ["picture"]=>
  NULL
  ["sp_name"]=>
  string(18) "マンネンタケ"
  ["team"]=>
  string(6) "kinoko"
  ["description"]=>
  string(0) ""
}
 [] {"dummy":"hello world"}
[2020-02-25 18:30:36] pbook/update.php.WARNING: $_POST:array (
  'id' => '88',
  'sp_name' => 'マンネンタケ',
  'team' => 'kinoko',
  'description' => '',
  'submit' => '更新する',
) [] {"dummy":"hello world"}
[2020-02-25 18:30:36] pbook/update.php.ERROR: エラーメッセージ [] {"dummy":"hello world"}
[2020-02-25 18:31:02] pbook/update.php.INFO: $pbook:array(4) {
  ["picture"]=>
  NULL
  ["sp_name"]=>
  string(18) "マンネンタケ"
  ["team"]=>
  string(6) "kinoko"
  ["description"]=>
  string(0) ""
}
 [] {"dummy":"hello world"}
[2020-02-25 18:31:02] pbook/update.php.WARNING: $_POST:array (
  'id' => '88',
  'sp_name' => 'マンネンタケ',
  'team' => 'kinoko',
  'description' => '',
  'submit' => '更新する',
) [] {"dummy":"hello world"}
[2020-02-25 18:31:02] pbook/update.php.ERROR: エラーメッセージ [] {"dummy":"hello world"}
[2020-02-25 18:31:53] pbook/update.php.INFO: $pbook:array(4) {
  ["picture"]=>
  NULL
  ["sp_name"]=>
  string(18) "マンネンタケ"
  ["team"]=>
  string(6) "kinoko"
  ["description"]=>
  string(0) ""
}
 [] {"dummy":"hello world"}
[2020-02-25 18:31:53] pbook/update.php.WARNING: $_POST:array (
  'id' => '88',
  'sp_name' => 'マンネンタケ',
  'team' => 'kinoko',
  'description' => '',
  'submit' => '更新する',
) [] {"dummy":"hello world"}
[2020-02-25 18:31:53] pbook/update.php.ERROR: エラーメッセージ [] {"dummy":"hello world"}
[2020-02-25 18:42:30] pbook/update.php.INFO: $pbook:array(4) {
  ["picture"]=>
  NULL
  ["sp_name"]=>
  string(18) "マンネンタケ"
  ["team"]=>
  string(6) "kinoko"
  ["description"]=>
  string(0) ""
}
 [] {"dummy":"hello world"}
[2020-02-25 18:42:30] pbook/update.php.WARNING: $_POST:array (
  'id' => '89',
  'picture' => 'files/',
  'sp_name' => 'マンネンタケ',
  'team' => 'kinoko',
  'description' => '',
  'submit' => '更新する',
) [] {"dummy":"hello world"}
[2020-02-25 18:42:30] pbook/update.php.ERROR: エラーメッセージ [] {"dummy":"hello world"}
[2020-02-25 18:43:21] pbook/update.php.INFO: $pbook:array(4) {
  ["picture"]=>
  NULL
  ["sp_name"]=>
  string(18) "マンネンタケ"
  ["team"]=>
  string(6) "kinoko"
  ["description"]=>
  string(0) ""
}
 [] {"dummy":"hello world"}
[2020-02-25 18:43:21] pbook/update.php.WARNING: $_POST:array (
  'id' => '89',
  'picture' => 'files/',
  'sp_name' => 'マンネンタケ',
  'team' => 'kinoko',
  'description' => '',
  'submit' => '更新する',
) [] {"dummy":"hello world"}
[2020-02-25 18:43:21] pbook/update.php.ERROR: エラーメッセージ [] {"dummy":"hello world"}
[2020-02-25 18:45:29] pbook/update.php.INFO: $pbook:array(4) {
  ["picture"]=>
  array(1) {
    ["picture"]=>
    string(26) "20200225010822IMG-7314.JPG"
  }
  ["sp_name"]=>
  string(18) "マンネンタケ"
  ["team"]=>
  string(6) "kinoko"
  ["description"]=>
  string(0) ""
}
 [] {"dummy":"hello world"}
[2020-02-25 18:45:29] pbook/update.php.WARNING: $_POST:array (
  'id' => '89',
  'picture' => 'files/',
  'sp_name' => 'マンネンタケ',
  'team' => 'kinoko',
  'description' => '',
  'submit' => '更新する',
) [] {"dummy":"hello world"}
[2020-02-25 18:45:29] pbook/update.php.ERROR: エラーメッセージ [] {"dummy":"hello world"}
[2020-02-25 18:46:05] pbook/update.php.INFO: $pbook:array(4) {
  ["picture"]=>
  array(1) {
    ["picture"]=>
    string(26) "20200225010822IMG-7314.JPG"
  }
  ["sp_name"]=>
  string(18) "マンネンタケ"
  ["team"]=>
  string(6) "kinoko"
  ["description"]=>
  string(0) ""
}
 [] {"dummy":"hello world"}
[2020-02-25 18:46:05] pbook/update.php.WARNING: $_POST:array (
  'id' => '89',
  'picture' => 'files/',
  'sp_name' => 'マンネンタケ',
  'team' => 'kinoko',
  'description' => '',
  'submit' => '更新する',
) [] {"dummy":"hello world"}
[2020-02-25 18:46:05] pbook/update.php.ERROR: エラーメッセージ [] {"dummy":"hello world"}
[2020-02-25 18:46:56] pbook/update.php.INFO: $pbook:array(4) {
  ["picture"]=>
  array(1) {
    ["picture"]=>
    string(26) "20200225010822IMG-7314.JPG"
  }
  ["sp_name"]=>
  string(18) "マンネンタケ"
  ["team"]=>
  string(6) "kinoko"
  ["description"]=>
  string(0) ""
}
 [] {"dummy":"hello world"}
[2020-02-25 18:46:56] pbook/update.php.WARNING: $_picture:NULL [] {"dummy":"hello world"}
[2020-02-25 18:46:56] pbook/update.php.ERROR: エラーメッセージ [] {"dummy":"hello world"}
[2020-02-25 18:47:12] pbook/update.php.INFO: $pbook:array(4) {
  ["picture"]=>
  array(1) {
    ["picture"]=>
    string(26) "20200225010822IMG-7314.JPG"
  }
  ["sp_name"]=>
  string(18) "マンネンタケ"
  ["team"]=>
  string(6) "kinoko"
  ["description"]=>
  string(0) ""
}
 [] {"dummy":"hello world"}
[2020-02-25 18:47:12] pbook/update.php.WARNING: $_picture:array (
  'picture' => '20200225010822IMG-7314.JPG',
) [] {"dummy":"hello world"}
[2020-02-25 18:47:12] pbook/update.php.ERROR: エラーメッセージ [] {"dummy":"hello world"}
[2020-02-25 18:47:57] pbook/update.php.INFO: $pbook:array(4) {
  ["picture"]=>
  string(26) "20200225010822IMG-7314.JPG"
  ["sp_name"]=>
  string(18) "マンネンタケ"
  ["team"]=>
  string(6) "kinoko"
  ["description"]=>
  string(0) ""
}
 [] {"dummy":"hello world"}
[2020-02-25 18:47:57] pbook/update.php.WARNING: $_picture:'20200225010822IMG-7314.JPG' [] {"dummy":"hello world"}
[2020-02-25 18:47:57] pbook/update.php.ERROR: エラーメッセージ [] {"dummy":"hello world"}
[2020-02-25 18:48:12] pbook/update.php.INFO: $pbook:array(4) {
  ["picture"]=>
  string(26) "20200225010822IMG-7314.JPG"
  ["sp_name"]=>
  string(0) ""
  ["team"]=>
  string(6) "kinoko"
  ["description"]=>
  string(0) ""
}
 [] {"dummy":"hello world"}
[2020-02-25 18:48:12] pbook/update.php.WARNING: $_picture:'20200225010822IMG-7314.JPG' [] {"dummy":"hello world"}
[2020-02-25 18:48:12] pbook/update.php.ERROR: エラーメッセージ [] {"dummy":"hello world"}
[2020-02-25 18:48:16] pbook/update.php.INFO: $pbook:array(4) {
  ["picture"]=>
  string(26) "20200225010822IMG-7314.JPG"
  ["sp_name"]=>
  string(0) ""
  ["team"]=>
  string(6) "kinoko"
  ["description"]=>
  string(3) "vvv"
}
 [] {"dummy":"hello world"}
[2020-02-25 18:48:16] pbook/update.php.WARNING: $_picture:'20200225010822IMG-7314.JPG' [] {"dummy":"hello world"}
[2020-02-25 18:48:16] pbook/update.php.ERROR: エラーメッセージ [] {"dummy":"hello world"}
[2020-02-25 18:48:19] pbook/update.php.INFO: $pbook:array(4) {
  ["picture"]=>
  string(26) "20200225010822IMG-7314.JPG"
  ["sp_name"]=>
  string(0) ""
  ["team"]=>
  string(5) "plant"
  ["description"]=>
  string(3) "vvv"
}
 [] {"dummy":"hello world"}
[2020-02-25 18:48:19] pbook/update.php.WARNING: $_picture:'20200225010822IMG-7314.JPG' [] {"dummy":"hello world"}
[2020-02-25 18:48:19] pbook/update.php.ERROR: エラーメッセージ [] {"dummy":"hello world"}
[2020-02-25 18:49:38] pbook/update.php.INFO: $pbook:array(4) {
  ["picture"]=>
  string(26) "20200225010822IMG-7314.JPG"
  ["sp_name"]=>
  string(18) "マンネンタケ"
  ["team"]=>
  string(6) "kinoko"
  ["description"]=>
  string(3) "vvv"
}
 [] {"dummy":"hello world"}
[2020-02-25 18:49:38] pbook/update.php.WARNING: $_picture:'20200225010822IMG-7314.JPG' [] {"dummy":"hello world"}
[2020-02-25 18:49:38] pbook/update.php.ERROR: エラーメッセージ [] {"dummy":"hello world"}
[2020-02-25 18:49:47] pbook/update.php.INFO: $pbook:array(4) {
  ["picture"]=>
  string(26) "20200225010822IMG-7314.JPG"
  ["sp_name"]=>
  string(18) "マンネンタケ"
  ["team"]=>
  string(6) "kinoko"
  ["description"]=>
  string(3) "vvv"
}
 [] {"dummy":"hello world"}
[2020-02-25 18:49:47] pbook/update.php.WARNING: $_picture:'20200225010822IMG-7314.JPG' [] {"dummy":"hello world"}
[2020-02-25 18:49:47] pbook/update.php.ERROR: エラーメッセージ [] {"dummy":"hello world"}
[2020-02-25 18:49:55] pbook/update.php.INFO: $pbook:array(4) {
  ["picture"]=>
  string(26) "20200225010822IMG-7314.JPG"
  ["sp_name"]=>
  string(18) "マンネンタケ"
  ["team"]=>
  string(6) "kinoko"
  ["description"]=>
  string(0) ""
}
 [] {"dummy":"hello world"}
[2020-02-25 18:49:55] pbook/update.php.WARNING: $_picture:'20200225010822IMG-7314.JPG' [] {"dummy":"hello world"}
[2020-02-25 18:49:55] pbook/update.php.ERROR: エラーメッセージ [] {"dummy":"hello world"}
[2020-02-25 18:50:00] pbook/update.php.INFO: $pbook:array(4) {
  ["picture"]=>
  string(26) "20200225010822IMG-7314.JPG"
  ["sp_name"]=>
  string(18) "マンネンタケ"
  ["team"]=>
  string(6) "kinoko"
  ["description"]=>
  string(3) "mmm"
}
 [] {"dummy":"hello world"}
[2020-02-25 18:50:00] pbook/update.php.WARNING: $_picture:'20200225010822IMG-7314.JPG' [] {"dummy":"hello world"}
[2020-02-25 18:50:00] pbook/update.php.ERROR: エラーメッセージ [] {"dummy":"hello world"}
[2020-02-25 18:59:01] pbook/update.php.INFO: $pbook:array(4) {
  ["picture"]=>
  string(26) "20200224133649IMG-7519.JPG"
  ["sp_name"]=>
  string(18) "マンネンタケ"
  ["team"]=>
  string(6) "kinoko"
  ["description"]=>
  string(0) ""
}
 [] {"dummy":"hello world"}
[2020-02-25 18:59:01] pbook/update.php.WARNING: $_picture:'20200224133649IMG-7519.JPG' [] {"dummy":"hello world"}
[2020-02-25 18:59:01] pbook/update.php.ERROR: エラーメッセージ [] {"dummy":"hello world"}
[2020-02-25 18:59:11] pbook/update.php.INFO: $pbook:array(4) {
  ["picture"]=>
  string(26) "20200224133649IMG-7519.JPG"
  ["sp_name"]=>
  string(18) "マンネンタケ"
  ["team"]=>
  string(6) "kinoko"
  ["description"]=>
  string(3) "aaa"
}
 [] {"dummy":"hello world"}
[2020-02-25 18:59:11] pbook/update.php.WARNING: $_picture:'20200224133649IMG-7519.JPG' [] {"dummy":"hello world"}
[2020-02-25 18:59:11] pbook/update.php.ERROR: エラーメッセージ [] {"dummy":"hello world"}
[2020-02-25 19:04:08] pbook/update.php.INFO: $pbook:array(4) {
  ["picture"]=>
  string(26) "20200225110400IMG-7519.JPG"
  ["sp_name"]=>
  string(1) "a"
  ["team"]=>
  string(6) "kinoko"
  ["description"]=>
  string(3) "aaa"
}
 [] {"dummy":"hello world"}
[2020-02-25 19:04:08] pbook/update.php.WARNING: $_picture:'20200225110400IMG-7519.JPG' [] {"dummy":"hello world"}
[2020-02-25 19:04:08] pbook/update.php.ERROR: エラーメッセージ [] {"dummy":"hello world"}
[2020-02-28 15:07:14] pbook/update.php.INFO: $pbook:array(4) {
  ["picture"]=>
  string(26) "20200228063803IMG-7314.JPG"
  ["sp_name"]=>
  string(0) ""
  ["team"]=>
  string(6) "kinoko"
  ["description"]=>
  string(0) ""
}
 [] {"dummy":"hello world"}
[2020-02-28 15:07:14] pbook/update.php.WARNING: $_picture:'20200228063803IMG-7314.JPG' [] {"dummy":"hello world"}
[2020-02-28 15:07:14] pbook/update.php.ERROR: エラーメッセージ [] {"dummy":"hello world"}
[2020-02-28 15:10:28] pbook/update.php.INFO: $pbook:array(4) {
  ["picture"]=>
  string(26) "20200228063803IMG-7314.JPG"
  ["sp_name"]=>
  string(0) ""
  ["team"]=>
  string(6) "kinoko"
  ["description"]=>
  string(0) ""
}
 [] {"dummy":"hello world"}
[2020-02-28 15:10:28] pbook/update.php.WARNING: $_picture:'20200228063803IMG-7314.JPG' [] {"dummy":"hello world"}
[2020-02-28 15:10:28] pbook/update.php.ERROR: エラーメッセージ [] {"dummy":"hello world"}
[2020-02-28 15:10:53] pbook/update.php.INFO: $pbook:array(4) {
  ["picture"]=>
  string(26) "20200228063803IMG-7314.JPG"
  ["sp_name"]=>
  string(0) ""
  ["team"]=>
  string(6) "kinoko"
  ["description"]=>
  string(0) ""
}
 [] {"dummy":"hello world"}
[2020-02-28 15:10:53] pbook/update.php.WARNING: $_picture:'20200228063803IMG-7314.JPG' [] {"dummy":"hello world"}
[2020-02-28 15:10:53] pbook/update.php.ERROR: エラーメッセージ [] {"dummy":"hello world"}
[2020-02-28 15:10:56] pbook/update.php.INFO: $pbook:array(4) {
  ["picture"]=>
  string(26) "20200228063803IMG-7314.JPG"
  ["sp_name"]=>
  string(0) ""
  ["team"]=>
  string(6) "kinoko"
  ["description"]=>
  string(0) ""
}
 [] {"dummy":"hello world"}
[2020-02-28 15:10:56] pbook/update.php.WARNING: $_picture:'20200228063803IMG-7314.JPG' [] {"dummy":"hello world"}
[2020-02-28 15:10:56] pbook/update.php.ERROR: エラーメッセージ [] {"dummy":"hello world"}
[2020-02-28 15:11:08] pbook/update.php.INFO: $pbook:array(4) {
  ["picture"]=>
  string(26) "20200228063803IMG-7314.JPG"
  ["sp_name"]=>
  string(0) ""
  ["team"]=>
  string(6) "kinoko"
  ["description"]=>
  string(3) "aaa"
}
 [] {"dummy":"hello world"}
[2020-02-28 15:11:08] pbook/update.php.WARNING: $_picture:'20200228063803IMG-7314.JPG' [] {"dummy":"hello world"}
[2020-02-28 15:11:08] pbook/update.php.ERROR: エラーメッセージ [] {"dummy":"hello world"}
[2020-02-28 15:11:27] pbook/update.php.INFO: $pbook:array(4) {
  ["picture"]=>
  string(26) "20200228063803IMG-7314.JPG"
  ["sp_name"]=>
  string(0) ""
  ["team"]=>
  string(6) "kinoko"
  ["description"]=>
  string(3) "aaa"
}
 [] {"dummy":"hello world"}
[2020-02-28 15:11:27] pbook/update.php.WARNING: $_picture:'20200228063803IMG-7314.JPG' [] {"dummy":"hello world"}
[2020-02-28 15:11:27] pbook/update.php.ERROR: エラーメッセージ [] {"dummy":"hello world"}
[2020-02-28 15:11:33] pbook/update.php.INFO: $pbook:array(4) {
  ["picture"]=>
  string(26) "20200228063803IMG-7314.JPG"
  ["sp_name"]=>
  string(3) "aaa"
  ["team"]=>
  string(6) "kinoko"
  ["description"]=>
  string(0) ""
}
 [] {"dummy":"hello world"}
[2020-02-28 15:11:33] pbook/update.php.WARNING: $_picture:'20200228063803IMG-7314.JPG' [] {"dummy":"hello world"}
[2020-02-28 15:11:33] pbook/update.php.ERROR: エラーメッセージ [] {"dummy":"hello world"}
[2020-02-28 15:11:48] pbook/update.php.INFO: $pbook:array(4) {
  ["picture"]=>
  string(26) "20200228063803IMG-7314.JPG"
  ["sp_name"]=>
  string(3) "aaa"
  ["team"]=>
  string(6) "kinoko"
  ["description"]=>
  string(0) ""
}
 [] {"dummy":"hello world"}
[2020-02-28 15:11:48] pbook/update.php.WARNING: $_picture:'20200228063803IMG-7314.JPG' [] {"dummy":"hello world"}
[2020-02-28 15:11:48] pbook/update.php.ERROR: エラーメッセージ [] {"dummy":"hello world"}
[2020-02-28 15:11:54] pbook/update.php.INFO: $pbook:array(4) {
  ["picture"]=>
  string(26) "20200228063803IMG-7314.JPG"
  ["sp_name"]=>
  string(3) "aaa"
  ["team"]=>
  string(0) ""
  ["description"]=>
  string(0) ""
}
 [] {"dummy":"hello world"}
[2020-02-28 15:11:54] pbook/update.php.WARNING: $_picture:'20200228063803IMG-7314.JPG' [] {"dummy":"hello world"}
[2020-02-28 15:11:54] pbook/update.php.ERROR: エラーメッセージ [] {"dummy":"hello world"}
[2020-02-28 15:11:59] pbook/update.php.INFO: $pbook:array(4) {
  ["picture"]=>
  string(26) "20200228063803IMG-7314.JPG"
  ["sp_name"]=>
  string(101) "aaaaaaaaaaaaaaaaaaaaaaaaaaaaaaaaaaaaaaaaaaaaaaaaaaaaaaaaaaaaaaaaaaaaaaaaaaaaaaaaaaaaaaaaaaaaaaaaaaaaa"
  ["team"]=>
  string(0) ""
  ["description"]=>
  string(0) ""
}
 [] {"dummy":"hello world"}
[2020-02-28 15:11:59] pbook/update.php.WARNING: $_picture:'20200228063803IMG-7314.JPG' [] {"dummy":"hello world"}
[2020-02-28 15:11:59] pbook/update.php.ERROR: エラーメッセージ [] {"dummy":"hello world"}
[2020-02-28 15:12:40] pbook/update.php.INFO: $pbook:array(4) {
  ["picture"]=>
  string(26) "20200228063803IMG-7314.JPG"
  ["sp_name"]=>
  string(101) "aaaaaaaaaaaaaaaaaaaaaaaaaaaaaaaaaaaaaaaaaaaaaaaaaaaaaaaaaaaaaaaaaaaaaaaaaaaaaaaaaaaaaaaaaaaaaaaaaaaaa"
  ["team"]=>
  string(0) ""
  ["description"]=>
  string(0) ""
}
 [] {"dummy":"hello world"}
[2020-02-28 15:12:40] pbook/update.php.WARNING: $_picture:'20200228063803IMG-7314.JPG' [] {"dummy":"hello world"}
[2020-02-28 15:12:40] pbook/update.php.ERROR: エラーメッセージ [] {"dummy":"hello world"}
[2020-02-28 15:12:47] pbook/update.php.INFO: $pbook:array(4) {
  ["picture"]=>
  string(26) "20200228063803IMG-7314.JPG"
  ["sp_name"]=>
  string(1) "a"
  ["team"]=>
  string(0) ""
  ["description"]=>
  string(0) ""
}
 [] {"dummy":"hello world"}
[2020-02-28 15:12:47] pbook/update.php.WARNING: $_picture:'20200228063803IMG-7314.JPG' [] {"dummy":"hello world"}
[2020-02-28 15:12:47] pbook/update.php.ERROR: エラーメッセージ [] {"dummy":"hello world"}
[2020-02-28 15:12:51] pbook/update.php.INFO: $pbook:array(4) {
  ["picture"]=>
  string(26) "20200228063803IMG-7314.JPG"
  ["sp_name"]=>
  string(1) "a"
  ["team"]=>
  string(0) ""
  ["description"]=>
  string(3) "あ"
}
 [] {"dummy":"hello world"}
[2020-02-28 15:12:51] pbook/update.php.WARNING: $_picture:'20200228063803IMG-7314.JPG' [] {"dummy":"hello world"}
[2020-02-28 15:12:51] pbook/update.php.ERROR: エラーメッセージ [] {"dummy":"hello world"}
[2020-02-28 15:12:55] pbook/update.php.INFO: $pbook:array(4) {
  ["picture"]=>
  string(26) "20200228063803IMG-7314.JPG"
  ["sp_name"]=>
  string(1) "a"
  ["team"]=>
  string(6) "kinoko"
  ["description"]=>
  string(3) "あ"
}
 [] {"dummy":"hello world"}
[2020-02-28 15:12:55] pbook/update.php.WARNING: $_picture:'20200228063803IMG-7314.JPG' [] {"dummy":"hello world"}
[2020-02-28 15:12:55] pbook/update.php.ERROR: エラーメッセージ [] {"dummy":"hello world"}
[2020-02-28 15:16:22] pbook/update.php.INFO: $pbook:array(4) {
  ["picture"]=>
  NULL
  ["sp_name"]=>
  string(0) ""
  ["team"]=>
  string(0) ""
  ["description"]=>
  string(0) ""
}
 [] {"dummy":"hello world"}
[2020-02-28 15:16:22] pbook/update.php.WARNING: $_picture:NULL [] {"dummy":"hello world"}
[2020-02-28 15:16:22] pbook/update.php.ERROR: エラーメッセージ [] {"dummy":"hello world"}
[2020-02-28 15:17:10] pbook/update.php.INFO: $pbook:array(4) {
  ["picture"]=>
  NULL
  ["sp_name"]=>
  string(0) ""
  ["team"]=>
  string(0) ""
  ["description"]=>
  string(0) ""
}
 [] {"dummy":"hello world"}
[2020-02-28 15:17:10] pbook/update.php.WARNING: $_picture:NULL [] {"dummy":"hello world"}
[2020-02-28 15:17:10] pbook/update.php.ERROR: エラーメッセージ [] {"dummy":"hello world"}
[2020-02-28 15:19:15] pbook/update.php.INFO: $pbook:array(4) {
  ["picture"]=>
  string(26) "20200224133649IMG-7519.JPG"
  ["sp_name"]=>
  string(0) ""
  ["team"]=>
  string(6) "kinoko"
  ["description"]=>
  string(3) "aaa"
}
 [] {"dummy":"hello world"}
[2020-02-28 15:19:15] pbook/update.php.WARNING: $_picture:'20200224133649IMG-7519.JPG' [] {"dummy":"hello world"}
[2020-02-28 15:19:15] pbook/update.php.ERROR: エラーメッセージ [] {"dummy":"hello world"}
[2020-02-28 15:19:18] pbook/update.php.INFO: $pbook:array(4) {
  ["picture"]=>
  string(26) "20200224133649IMG-7519.JPG"
  ["sp_name"]=>
  string(0) ""
  ["team"]=>
  string(0) ""
  ["description"]=>
  string(3) "aaa"
}
 [] {"dummy":"hello world"}
[2020-02-28 15:19:18] pbook/update.php.WARNING: $_picture:'20200224133649IMG-7519.JPG' [] {"dummy":"hello world"}
[2020-02-28 15:19:18] pbook/update.php.ERROR: エラーメッセージ [] {"dummy":"hello world"}
[2020-02-28 15:19:22] pbook/update.php.INFO: $pbook:array(4) {
  ["picture"]=>
  string(26) "20200224133649IMG-7519.JPG"
  ["sp_name"]=>
  string(0) ""
  ["team"]=>
  string(0) ""
  ["description"]=>
  string(0) ""
}
 [] {"dummy":"hello world"}
[2020-02-28 15:19:22] pbook/update.php.WARNING: $_picture:'20200224133649IMG-7519.JPG' [] {"dummy":"hello world"}
[2020-02-28 15:19:22] pbook/update.php.ERROR: エラーメッセージ [] {"dummy":"hello world"}
[2020-02-28 15:19:26] pbook/update.php.INFO: $pbook:array(4) {
  ["picture"]=>
  string(26) "20200224133649IMG-7519.JPG"
  ["sp_name"]=>
  string(9) "あああ"
  ["team"]=>
  string(0) ""
  ["description"]=>
  string(0) ""
}
 [] {"dummy":"hello world"}
[2020-02-28 15:19:26] pbook/update.php.WARNING: $_picture:'20200224133649IMG-7519.JPG' [] {"dummy":"hello world"}
[2020-02-28 15:19:26] pbook/update.php.ERROR: エラーメッセージ [] {"dummy":"hello world"}
[2020-02-28 15:19:29] pbook/update.php.INFO: $pbook:array(4) {
  ["picture"]=>
  string(26) "20200224133649IMG-7519.JPG"
  ["sp_name"]=>
  string(9) "あああ"
  ["team"]=>
  string(3) "sea"
  ["description"]=>
  string(0) ""
}
 [] {"dummy":"hello world"}
[2020-02-28 15:19:29] pbook/update.php.WARNING: $_picture:'20200224133649IMG-7519.JPG' [] {"dummy":"hello world"}
[2020-02-28 15:19:29] pbook/update.php.ERROR: エラーメッセージ [] {"dummy":"hello world"}
[2020-02-28 15:19:34] pbook/update.php.INFO: $pbook:array(4) {
  ["picture"]=>
  string(26) "20200224133649IMG-7519.JPG"
  ["sp_name"]=>
  string(9) "あああ"
  ["team"]=>
  string(6) "kinoko"
  ["description"]=>
  string(4) "aaaa"
}
 [] {"dummy":"hello world"}
[2020-02-28 15:19:34] pbook/update.php.WARNING: $_picture:'20200224133649IMG-7519.JPG' [] {"dummy":"hello world"}
[2020-02-28 15:19:34] pbook/update.php.ERROR: エラーメッセージ [] {"dummy":"hello world"}
